=== Supervised Pre-training ===
Device: cuda
C++ engine: False
Loading 23 shards...
Loaded 11025186 positions
Train: 10975186, Val: 50000
Batches per epoch: 10718
Model: 5 blocks, 64 channels, 1,868,539 params
/home/start-up/torch/lib/python3.12/site-packages/torch/optim/lr_scheduler.py:182: UserWarning: Detected call of `lr_scheduler.step()` before `optimizer.step()`. In PyTorch 1.1.0 and later, you should call them in the opposite order: `optimizer.step()` before `lr_scheduler.step()`.  Failure to do this will result in PyTorch skipping the first value of the learning rate schedule. See more details at https://pytorch.org/docs/stable/optim.html#how-to-adjust-learning-rate
  warnings.warn(
Resumed from epoch 5 (val_pl=2.4988, val_acc=34.4%)

Training epochs 6-10, batch_size=1024, lr=0.001

  Epoch 6 [0/10718] PL: 2.4881 VL: 0.5181 Acc: 34.4%
  Epoch 6 [100/10718] PL: 2.4433 VL: 0.5183 Acc: 35.5%
  Epoch 6 [200/10718] PL: 2.4415 VL: 0.5181 Acc: 35.5%
  Epoch 6 [300/10718] PL: 2.4370 VL: 0.5176 Acc: 35.6%
  Epoch 6 [400/10718] PL: 2.4380 VL: 0.5171 Acc: 35.5%
  Epoch 6 [500/10718] PL: 2.4373 VL: 0.5169 Acc: 35.5%
  Epoch 6 [600/10718] PL: 2.4352 VL: 0.5169 Acc: 35.5%
  Epoch 6 [700/10718] PL: 2.4345 VL: 0.5172 Acc: 35.6%
  Epoch 6 [800/10718] PL: 2.4346 VL: 0.5168 Acc: 35.6%
  Epoch 6 [900/10718] PL: 2.4351 VL: 0.5167 Acc: 35.6%
  Epoch 6 [1000/10718] PL: 2.4350 VL: 0.5168 Acc: 35.6%
  Epoch 6 [1100/10718] PL: 2.4352 VL: 0.5170 Acc: 35.6%
  Epoch 6 [1200/10718] PL: 2.4355 VL: 0.5170 Acc: 35.6%
  Epoch 6 [1300/10718] PL: 2.4353 VL: 0.5171 Acc: 35.6%
  Epoch 6 [1400/10718] PL: 2.4359 VL: 0.5171 Acc: 35.6%
  Epoch 6 [1500/10718] PL: 2.4365 VL: 0.5173 Acc: 35.5%
  Epoch 6 [1600/10718] PL: 2.4370 VL: 0.5174 Acc: 35.5%
  Epoch 6 [1700/10718] PL: 2.4370 VL: 0.5174 Acc: 35.5%
  Epoch 6 [1800/10718] PL: 2.4367 VL: 0.5174 Acc: 35.5%
  Epoch 6 [1900/10718] PL: 2.4366 VL: 0.5174 Acc: 35.5%
  Epoch 6 [2000/10718] PL: 2.4360 VL: 0.5174 Acc: 35.5%
  Epoch 6 [2100/10718] PL: 2.4357 VL: 0.5174 Acc: 35.5%
  Epoch 6 [2200/10718] PL: 2.4355 VL: 0.5174 Acc: 35.5%
  Epoch 6 [2300/10718] PL: 2.4352 VL: 0.5173 Acc: 35.5%
  Epoch 6 [2400/10718] PL: 2.4349 VL: 0.5174 Acc: 35.6%
  Epoch 6 [2500/10718] PL: 2.4346 VL: 0.5174 Acc: 35.6%
  Epoch 6 [2600/10718] PL: 2.4346 VL: 0.5173 Acc: 35.6%
  Epoch 6 [2700/10718] PL: 2.4346 VL: 0.5174 Acc: 35.6%
  Epoch 6 [2800/10718] PL: 2.4345 VL: 0.5173 Acc: 35.6%
  Epoch 6 [2900/10718] PL: 2.4346 VL: 0.5174 Acc: 35.6%
  Epoch 6 [3000/10718] PL: 2.4345 VL: 0.5175 Acc: 35.6%
  Epoch 6 [3100/10718] PL: 2.4342 VL: 0.5175 Acc: 35.6%
  Epoch 6 [3200/10718] PL: 2.4343 VL: 0.5175 Acc: 35.6%
  Epoch 6 [3300/10718] PL: 2.4344 VL: 0.5175 Acc: 35.6%
  Epoch 6 [3400/10718] PL: 2.4345 VL: 0.5174 Acc: 35.6%
  Epoch 6 [3500/10718] PL: 2.4347 VL: 0.5174 Acc: 35.6%
  Epoch 6 [3600/10718] PL: 2.4343 VL: 0.5174 Acc: 35.6%
  Epoch 6 [3700/10718] PL: 2.4343 VL: 0.5174 Acc: 35.6%
  Epoch 6 [3800/10718] PL: 2.4342 VL: 0.5175 Acc: 35.6%
  Epoch 6 [3900/10718] PL: 2.4341 VL: 0.5176 Acc: 35.6%
  Epoch 6 [4000/10718] PL: 2.4341 VL: 0.5176 Acc: 35.6%
  Epoch 6 [4100/10718] PL: 2.4341 VL: 0.5175 Acc: 35.5%
  Epoch 6 [4200/10718] PL: 2.4342 VL: 0.5175 Acc: 35.5%
  Epoch 6 [4300/10718] PL: 2.4341 VL: 0.5175 Acc: 35.5%
  Epoch 6 [4400/10718] PL: 2.4341 VL: 0.5175 Acc: 35.5%
  Epoch 6 [4500/10718] PL: 2.4340 VL: 0.5176 Acc: 35.6%
  Epoch 6 [4600/10718] PL: 2.4341 VL: 0.5175 Acc: 35.6%
  Epoch 6 [4700/10718] PL: 2.4341 VL: 0.5175 Acc: 35.5%
  Epoch 6 [4800/10718] PL: 2.4342 VL: 0.5176 Acc: 35.6%
  Epoch 6 [4900/10718] PL: 2.4341 VL: 0.5176 Acc: 35.5%
  Epoch 6 [5000/10718] PL: 2.4341 VL: 0.5177 Acc: 35.5%
  Epoch 6 [5100/10718] PL: 2.4339 VL: 0.5177 Acc: 35.6%
  Epoch 6 [5200/10718] PL: 2.4340 VL: 0.5176 Acc: 35.5%
  Epoch 6 [5300/10718] PL: 2.4341 VL: 0.5177 Acc: 35.5%
  Epoch 6 [5400/10718] PL: 2.4343 VL: 0.5177 Acc: 35.5%
  Epoch 6 [5500/10718] PL: 2.4342 VL: 0.5177 Acc: 35.5%
  Epoch 6 [5600/10718] PL: 2.4341 VL: 0.5177 Acc: 35.5%
  Epoch 6 [5700/10718] PL: 2.4342 VL: 0.5177 Acc: 35.5%
  Epoch 6 [5800/10718] PL: 2.4341 VL: 0.5177 Acc: 35.5%
  Epoch 6 [5900/10718] PL: 2.4342 VL: 0.5177 Acc: 35.5%
  Epoch 6 [6000/10718] PL: 2.4343 VL: 0.5177 Acc: 35.5%
  Epoch 6 [6100/10718] PL: 2.4344 VL: 0.5178 Acc: 35.5%
  Epoch 6 [6200/10718] PL: 2.4343 VL: 0.5178 Acc: 35.5%
  Epoch 6 [6300/10718] PL: 2.4344 VL: 0.5178 Acc: 35.5%
  Epoch 6 [6400/10718] PL: 2.4343 VL: 0.5178 Acc: 35.5%
  Epoch 6 [6500/10718] PL: 2.4343 VL: 0.5177 Acc: 35.5%
  Epoch 6 [6600/10718] PL: 2.4342 VL: 0.5178 Acc: 35.5%
  Epoch 6 [6700/10718] PL: 2.4343 VL: 0.5177 Acc: 35.5%
  Epoch 6 [6800/10718] PL: 2.4342 VL: 0.5178 Acc: 35.6%
  Epoch 6 [6900/10718] PL: 2.4342 VL: 0.5178 Acc: 35.6%
  Epoch 6 [7000/10718] PL: 2.4343 VL: 0.5178 Acc: 35.6%
  Epoch 6 [7100/10718] PL: 2.4342 VL: 0.5178 Acc: 35.6%
  Epoch 6 [7200/10718] PL: 2.4343 VL: 0.5178 Acc: 35.6%
  Epoch 6 [7300/10718] PL: 2.4343 VL: 0.5178 Acc: 35.6%
  Epoch 6 [7400/10718] PL: 2.4343 VL: 0.5179 Acc: 35.6%
  Epoch 6 [7500/10718] PL: 2.4342 VL: 0.5179 Acc: 35.6%
  Epoch 6 [7600/10718] PL: 2.4343 VL: 0.5179 Acc: 35.6%
  Epoch 6 [7700/10718] PL: 2.4342 VL: 0.5179 Acc: 35.6%
  Epoch 6 [7800/10718] PL: 2.4341 VL: 0.5179 Acc: 35.6%
  Epoch 6 [7900/10718] PL: 2.4341 VL: 0.5179 Acc: 35.6%
  Epoch 6 [8000/10718] PL: 2.4341 VL: 0.5179 Acc: 35.6%
  Epoch 6 [8100/10718] PL: 2.4341 VL: 0.5180 Acc: 35.6%
  Epoch 6 [8200/10718] PL: 2.4341 VL: 0.5179 Acc: 35.6%
  Epoch 6 [8300/10718] PL: 2.4341 VL: 0.5179 Acc: 35.6%
  Epoch 6 [8400/10718] PL: 2.4342 VL: 0.5179 Acc: 35.6%
  Epoch 6 [8500/10718] PL: 2.4341 VL: 0.5179 Acc: 35.6%
  Epoch 6 [8600/10718] PL: 2.4342 VL: 0.5179 Acc: 35.6%
  Epoch 6 [8700/10718] PL: 2.4342 VL: 0.5179 Acc: 35.6%
  Epoch 6 [8800/10718] PL: 2.4341 VL: 0.5178 Acc: 35.6%
  Epoch 6 [8900/10718] PL: 2.4342 VL: 0.5178 Acc: 35.6%
  Epoch 6 [9000/10718] PL: 2.4341 VL: 0.5178 Acc: 35.6%
  Epoch 6 [9100/10718] PL: 2.4343 VL: 0.5178 Acc: 35.6%
  Epoch 6 [9200/10718] PL: 2.4342 VL: 0.5178 Acc: 35.6%
  Epoch 6 [9300/10718] PL: 2.4342 VL: 0.5178 Acc: 35.6%
  Epoch 6 [9400/10718] PL: 2.4342 VL: 0.5178 Acc: 35.6%
  Epoch 6 [9500/10718] PL: 2.4342 VL: 0.5178 Acc: 35.5%
  Epoch 6 [9600/10718] PL: 2.4343 VL: 0.5178 Acc: 35.5%
  Epoch 6 [9700/10718] PL: 2.4344 VL: 0.5178 Acc: 35.5%
  Epoch 6 [9800/10718] PL: 2.4343 VL: 0.5178 Acc: 35.5%
  Epoch 6 [9900/10718] PL: 2.4343 VL: 0.5178 Acc: 35.5%
  Epoch 6 [10000/10718] PL: 2.4342 VL: 0.5179 Acc: 35.5%
  Epoch 6 [10100/10718] PL: 2.4343 VL: 0.5179 Acc: 35.5%
  Epoch 6 [10200/10718] PL: 2.4343 VL: 0.5179 Acc: 35.5%
  Epoch 6 [10300/10718] PL: 2.4342 VL: 0.5179 Acc: 35.5%
  Epoch 6 [10400/10718] PL: 2.4342 VL: 0.5179 Acc: 35.6%
  Epoch 6 [10500/10718] PL: 2.4342 VL: 0.5179 Acc: 35.6%
  Epoch 6 [10600/10718] PL: 2.4342 VL: 0.5179 Acc: 35.5%
  Epoch 6 [10700/10718] PL: 2.4342 VL: 0.5179 Acc: 35.5%

Epoch 6/10 (521s) | Train PL: 2.4343 VL: 0.5179 Acc: 35.5% | Val PL: 2.4979 VL: 0.5217 Acc: 34.5%
  >> Best model saved (val_pl=2.4979)
  Epoch 7 [0/10718] PL: 2.4485 VL: 0.5316 Acc: 34.4%
  Epoch 7 [100/10718] PL: 2.4350 VL: 0.5153 Acc: 35.6%
  Epoch 7 [200/10718] PL: 2.4363 VL: 0.5172 Acc: 35.5%
  Epoch 7 [300/10718] PL: 2.4372 VL: 0.5169 Acc: 35.5%
  Epoch 7 [400/10718] PL: 2.4375 VL: 0.5172 Acc: 35.5%
  Epoch 7 [500/10718] PL: 2.4367 VL: 0.5172 Acc: 35.5%
  Epoch 7 [600/10718] PL: 2.4375 VL: 0.5171 Acc: 35.5%
  Epoch 7 [700/10718] PL: 2.4386 VL: 0.5171 Acc: 35.5%
  Epoch 7 [800/10718] PL: 2.4394 VL: 0.5172 Acc: 35.5%
  Epoch 7 [900/10718] PL: 2.4401 VL: 0.5172 Acc: 35.5%
  Epoch 7 [1000/10718] PL: 2.4402 VL: 0.5172 Acc: 35.4%
  Epoch 7 [1100/10718] PL: 2.4395 VL: 0.5174 Acc: 35.5%
  Epoch 7 [1200/10718] PL: 2.4391 VL: 0.5176 Acc: 35.5%
  Epoch 7 [1300/10718] PL: 2.4392 VL: 0.5176 Acc: 35.4%
  Epoch 7 [1400/10718] PL: 2.4399 VL: 0.5178 Acc: 35.4%
  Epoch 7 [1500/10718] PL: 2.4402 VL: 0.5179 Acc: 35.4%
  Epoch 7 [1600/10718] PL: 2.4397 VL: 0.5177 Acc: 35.4%
  Epoch 7 [1700/10718] PL: 2.4402 VL: 0.5177 Acc: 35.4%
  Epoch 7 [1800/10718] PL: 2.4402 VL: 0.5176 Acc: 35.4%
  Epoch 7 [1900/10718] PL: 2.4400 VL: 0.5177 Acc: 35.4%
  Epoch 7 [2000/10718] PL: 2.4406 VL: 0.5177 Acc: 35.4%
  Epoch 7 [2100/10718] PL: 2.4412 VL: 0.5178 Acc: 35.4%
  Epoch 7 [2200/10718] PL: 2.4410 VL: 0.5179 Acc: 35.4%
  Epoch 7 [2300/10718] PL: 2.4412 VL: 0.5179 Acc: 35.4%
  Epoch 7 [2400/10718] PL: 2.4413 VL: 0.5180 Acc: 35.4%
  Epoch 7 [2500/10718] PL: 2.4415 VL: 0.5181 Acc: 35.4%
  Epoch 7 [2600/10718] PL: 2.4417 VL: 0.5181 Acc: 35.4%
  Epoch 7 [2700/10718] PL: 2.4417 VL: 0.5181 Acc: 35.4%
  Epoch 7 [2800/10718] PL: 2.4419 VL: 0.5182 Acc: 35.4%
  Epoch 7 [2900/10718] PL: 2.4422 VL: 0.5181 Acc: 35.4%
  Epoch 7 [3000/10718] PL: 2.4418 VL: 0.5181 Acc: 35.4%
  Epoch 7 [3100/10718] PL: 2.4418 VL: 0.5181 Acc: 35.4%
  Epoch 7 [3200/10718] PL: 2.4419 VL: 0.5181 Acc: 35.4%
  Epoch 7 [3300/10718] PL: 2.4420 VL: 0.5181 Acc: 35.4%
  Epoch 7 [3400/10718] PL: 2.4423 VL: 0.5182 Acc: 35.4%
  Epoch 7 [3500/10718] PL: 2.4425 VL: 0.5181 Acc: 35.4%
  Epoch 7 [3600/10718] PL: 2.4428 VL: 0.5181 Acc: 35.3%
  Epoch 7 [3700/10718] PL: 2.4432 VL: 0.5181 Acc: 35.3%
  Epoch 7 [3800/10718] PL: 2.4432 VL: 0.5181 Acc: 35.3%
  Epoch 7 [3900/10718] PL: 2.4430 VL: 0.5182 Acc: 35.3%
  Epoch 7 [4000/10718] PL: 2.4428 VL: 0.5182 Acc: 35.3%
  Epoch 7 [4100/10718] PL: 2.4429 VL: 0.5182 Acc: 35.3%
  Epoch 7 [4200/10718] PL: 2.4429 VL: 0.5182 Acc: 35.3%
  Epoch 7 [4300/10718] PL: 2.4430 VL: 0.5182 Acc: 35.3%
  Epoch 7 [4400/10718] PL: 2.4430 VL: 0.5182 Acc: 35.3%
  Epoch 7 [4500/10718] PL: 2.4431 VL: 0.5182 Acc: 35.3%
  Epoch 7 [4600/10718] PL: 2.4433 VL: 0.5182 Acc: 35.3%
  Epoch 7 [4700/10718] PL: 2.4434 VL: 0.5182 Acc: 35.3%
  Epoch 7 [4800/10718] PL: 2.4435 VL: 0.5182 Acc: 35.3%
  Epoch 7 [4900/10718] PL: 2.4436 VL: 0.5182 Acc: 35.3%
  Epoch 7 [5000/10718] PL: 2.4436 VL: 0.5183 Acc: 35.3%
  Epoch 7 [5100/10718] PL: 2.4437 VL: 0.5183 Acc: 35.3%
  Epoch 7 [5200/10718] PL: 2.4437 VL: 0.5182 Acc: 35.3%
  Epoch 7 [5300/10718] PL: 2.4438 VL: 0.5182 Acc: 35.3%
  Epoch 7 [5400/10718] PL: 2.4438 VL: 0.5182 Acc: 35.3%
  Epoch 7 [5500/10718] PL: 2.4440 VL: 0.5182 Acc: 35.3%
  Epoch 7 [5600/10718] PL: 2.4440 VL: 0.5181 Acc: 35.3%
  Epoch 7 [5700/10718] PL: 2.4440 VL: 0.5181 Acc: 35.3%
  Epoch 7 [5800/10718] PL: 2.4441 VL: 0.5182 Acc: 35.3%
  Epoch 7 [5900/10718] PL: 2.4440 VL: 0.5182 Acc: 35.3%
  Epoch 7 [6000/10718] PL: 2.4440 VL: 0.5182 Acc: 35.3%
  Epoch 7 [6100/10718] PL: 2.4439 VL: 0.5181 Acc: 35.3%
  Epoch 7 [6200/10718] PL: 2.4440 VL: 0.5181 Acc: 35.3%
  Epoch 7 [6300/10718] PL: 2.4441 VL: 0.5181 Acc: 35.3%
  Epoch 7 [6400/10718] PL: 2.4441 VL: 0.5181 Acc: 35.3%
  Epoch 7 [6500/10718] PL: 2.4440 VL: 0.5181 Acc: 35.3%
  Epoch 7 [6600/10718] PL: 2.4441 VL: 0.5181 Acc: 35.3%
  Epoch 7 [6700/10718] PL: 2.4442 VL: 0.5181 Acc: 35.3%
  Epoch 7 [6800/10718] PL: 2.4443 VL: 0.5181 Acc: 35.3%
  Epoch 7 [6900/10718] PL: 2.4444 VL: 0.5181 Acc: 35.3%
  Epoch 7 [7000/10718] PL: 2.4444 VL: 0.5180 Acc: 35.3%
  Epoch 7 [7100/10718] PL: 2.4443 VL: 0.5180 Acc: 35.3%
  Epoch 7 [7200/10718] PL: 2.4444 VL: 0.5180 Acc: 35.3%
  Epoch 7 [7300/10718] PL: 2.4443 VL: 0.5180 Acc: 35.3%
  Epoch 7 [7400/10718] PL: 2.4445 VL: 0.5180 Acc: 35.3%
  Epoch 7 [7500/10718] PL: 2.4445 VL: 0.5180 Acc: 35.3%
  Epoch 7 [7600/10718] PL: 2.4446 VL: 0.5179 Acc: 35.3%
  Epoch 7 [7700/10718] PL: 2.4446 VL: 0.5179 Acc: 35.3%
  Epoch 7 [7800/10718] PL: 2.4447 VL: 0.5179 Acc: 35.3%
  Epoch 7 [7900/10718] PL: 2.4447 VL: 0.5179 Acc: 35.3%
  Epoch 7 [8000/10718] PL: 2.4447 VL: 0.5179 Acc: 35.3%
  Epoch 7 [8100/10718] PL: 2.4446 VL: 0.5179 Acc: 35.3%
  Epoch 7 [8200/10718] PL: 2.4446 VL: 0.5179 Acc: 35.3%
  Epoch 7 [8300/10718] PL: 2.4445 VL: 0.5178 Acc: 35.3%
  Epoch 7 [8400/10718] PL: 2.4446 VL: 0.5178 Acc: 35.3%
  Epoch 7 [8500/10718] PL: 2.4447 VL: 0.5178 Acc: 35.3%
  Epoch 7 [8600/10718] PL: 2.4447 VL: 0.5178 Acc: 35.3%
  Epoch 7 [8700/10718] PL: 2.4446 VL: 0.5177 Acc: 35.3%
  Epoch 7 [8800/10718] PL: 2.4447 VL: 0.5178 Acc: 35.3%
  Epoch 7 [8900/10718] PL: 2.4447 VL: 0.5178 Acc: 35.3%
  Epoch 7 [9000/10718] PL: 2.4447 VL: 0.5178 Acc: 35.3%
  Epoch 7 [9100/10718] PL: 2.4448 VL: 0.5178 Acc: 35.3%
  Epoch 7 [9200/10718] PL: 2.4448 VL: 0.5178 Acc: 35.3%
  Epoch 7 [9300/10718] PL: 2.4448 VL: 0.5178 Acc: 35.3%
  Epoch 7 [9400/10718] PL: 2.4448 VL: 0.5178 Acc: 35.3%
  Epoch 7 [9500/10718] PL: 2.4448 VL: 0.5178 Acc: 35.3%
  Epoch 7 [9600/10718] PL: 2.4448 VL: 0.5178 Acc: 35.3%
  Epoch 7 [9700/10718] PL: 2.4449 VL: 0.5178 Acc: 35.3%
  Epoch 7 [9800/10718] PL: 2.4449 VL: 0.5178 Acc: 35.3%
  Epoch 7 [9900/10718] PL: 2.4450 VL: 0.5178 Acc: 35.3%
  Epoch 7 [10000/10718] PL: 2.4450 VL: 0.5178 Acc: 35.3%
  Epoch 7 [10100/10718] PL: 2.4451 VL: 0.5178 Acc: 35.3%
  Epoch 7 [10200/10718] PL: 2.4451 VL: 0.5178 Acc: 35.3%
  Epoch 7 [10300/10718] PL: 2.4452 VL: 0.5178 Acc: 35.3%
  Epoch 7 [10400/10718] PL: 2.4452 VL: 0.5178 Acc: 35.3%
  Epoch 7 [10500/10718] PL: 2.4452 VL: 0.5178 Acc: 35.3%
  Epoch 7 [10600/10718] PL: 2.4452 VL: 0.5178 Acc: 35.3%
  Epoch 7 [10700/10718] PL: 2.4452 VL: 0.5178 Acc: 35.3%

Epoch 7/10 (520s) | Train PL: 2.4452 VL: 0.5178 Acc: 35.3% | Val PL: 2.4873 VL: 0.5195 Acc: 34.6%
  >> Best model saved (val_pl=2.4873)
  Epoch 8 [0/10718] PL: 2.3353 VL: 0.5023 Acc: 38.1%
  Epoch 8 [100/10718] PL: 2.4738 VL: 0.5189 Acc: 34.7%
  Epoch 8 [200/10718] PL: 2.4868 VL: 0.5213 Acc: 34.4%
  Epoch 8 [300/10718] PL: 2.4909 VL: 0.5222 Acc: 34.3%
  Epoch 8 [400/10718] PL: 2.4962 VL: 0.5231 Acc: 34.2%
  Epoch 8 [500/10718] PL: 2.4996 VL: 0.5239 Acc: 34.1%
  Epoch 8 [600/10718] PL: 2.5015 VL: 0.5236 Acc: 34.1%
  Epoch 8 [700/10718] PL: 2.5039 VL: 0.5233 Acc: 34.1%
  Epoch 8 [800/10718] PL: 2.5047 VL: 0.5233 Acc: 34.1%
  Epoch 8 [900/10718] PL: 2.5069 VL: 0.5235 Acc: 34.0%
  Epoch 8 [1000/10718] PL: 2.5084 VL: 0.5237 Acc: 34.0%
  Epoch 8 [1100/10718] PL: 2.5092 VL: 0.5239 Acc: 34.0%
  Epoch 8 [1200/10718] PL: 2.5103 VL: 0.5240 Acc: 34.0%
  Epoch 8 [1300/10718] PL: 2.5114 VL: 0.5241 Acc: 33.9%
  Epoch 8 [1400/10718] PL: 2.5121 VL: 0.5242 Acc: 34.0%
  Epoch 8 [1500/10718] PL: 2.5136 VL: 0.5244 Acc: 33.9%
  Epoch 8 [1600/10718] PL: 2.5144 VL: 0.5248 Acc: 33.9%
  Epoch 8 [1700/10718] PL: 2.5153 VL: 0.5245 Acc: 33.9%
  Epoch 8 [1800/10718] PL: 2.5166 VL: 0.5247 Acc: 33.9%
  Epoch 8 [1900/10718] PL: 2.5172 VL: 0.5246 Acc: 33.8%
  Epoch 8 [2000/10718] PL: 2.5177 VL: 0.5246 Acc: 33.8%
  Epoch 8 [2100/10718] PL: 2.5185 VL: 0.5246 Acc: 33.8%
  Epoch 8 [2200/10718] PL: 2.5191 VL: 0.5246 Acc: 33.8%
  Epoch 8 [2300/10718] PL: 2.5197 VL: 0.5248 Acc: 33.8%
  Epoch 8 [2400/10718] PL: 2.5202 VL: 0.5249 Acc: 33.8%
  Epoch 8 [2500/10718] PL: 2.5208 VL: 0.5251 Acc: 33.8%
  Epoch 8 [2600/10718] PL: 2.5212 VL: 0.5252 Acc: 33.8%
  Epoch 8 [2700/10718] PL: 2.5218 VL: 0.5253 Acc: 33.8%
  Epoch 8 [2800/10718] PL: 2.5225 VL: 0.5252 Acc: 33.8%
  Epoch 8 [2900/10718] PL: 2.5229 VL: 0.5254 Acc: 33.8%
  Epoch 8 [3000/10718] PL: 2.5228 VL: 0.5254 Acc: 33.8%
  Epoch 8 [3100/10718] PL: 2.5232 VL: 0.5254 Acc: 33.8%
  Epoch 8 [3200/10718] PL: 2.5236 VL: 0.5255 Acc: 33.7%
  Epoch 8 [3300/10718] PL: 2.5241 VL: 0.5256 Acc: 33.7%
  Epoch 8 [3400/10718] PL: 2.5245 VL: 0.5256 Acc: 33.7%
  Epoch 8 [3500/10718] PL: 2.5250 VL: 0.5256 Acc: 33.7%
  Epoch 8 [3600/10718] PL: 2.5253 VL: 0.5257 Acc: 33.7%
  Epoch 8 [3700/10718] PL: 2.5258 VL: 0.5257 Acc: 33.7%
  Epoch 8 [3800/10718] PL: 2.5261 VL: 0.5258 Acc: 33.7%
  Epoch 8 [3900/10718] PL: 2.5263 VL: 0.5256 Acc: 33.7%
  Epoch 8 [4000/10718] PL: 2.5267 VL: 0.5257 Acc: 33.7%
  Epoch 8 [4100/10718] PL: 2.5270 VL: 0.5257 Acc: 33.7%
  Epoch 8 [4200/10718] PL: 2.5273 VL: 0.5257 Acc: 33.7%
  Epoch 8 [4300/10718] PL: 2.5279 VL: 0.5257 Acc: 33.7%
  Epoch 8 [4400/10718] PL: 2.5281 VL: 0.5257 Acc: 33.7%
  Epoch 8 [4500/10718] PL: 2.5285 VL: 0.5258 Acc: 33.6%
  Epoch 8 [4600/10718] PL: 2.5289 VL: 0.5258 Acc: 33.6%
  Epoch 8 [4700/10718] PL: 2.5291 VL: 0.5260 Acc: 33.6%
  Epoch 8 [4800/10718] PL: 2.5294 VL: 0.5260 Acc: 33.6%
  Epoch 8 [4900/10718] PL: 2.5296 VL: 0.5260 Acc: 33.6%
  Epoch 8 [5000/10718] PL: 2.5298 VL: 0.5260 Acc: 33.6%
  Epoch 8 [5100/10718] PL: 2.5303 VL: 0.5260 Acc: 33.6%
  Epoch 8 [5200/10718] PL: 2.5306 VL: 0.5260 Acc: 33.6%
  Epoch 8 [5300/10718] PL: 2.5309 VL: 0.5260 Acc: 33.6%
  Epoch 8 [5400/10718] PL: 2.5312 VL: 0.5261 Acc: 33.6%
  Epoch 8 [5500/10718] PL: 2.5315 VL: 0.5260 Acc: 33.6%
  Epoch 8 [5600/10718] PL: 2.5316 VL: 0.5261 Acc: 33.6%
  Epoch 8 [5700/10718] PL: 2.5317 VL: 0.5261 Acc: 33.6%
  Epoch 8 [5800/10718] PL: 2.5319 VL: 0.5261 Acc: 33.6%
  Epoch 8 [5900/10718] PL: 2.5323 VL: 0.5260 Acc: 33.6%
  Epoch 8 [6000/10718] PL: 2.5323 VL: 0.5260 Acc: 33.6%
  Epoch 8 [6100/10718] PL: 2.5323 VL: 0.5261 Acc: 33.6%
  Epoch 8 [6200/10718] PL: 2.5324 VL: 0.5261 Acc: 33.6%
  Epoch 8 [6300/10718] PL: 2.5325 VL: 0.5261 Acc: 33.6%
  Epoch 8 [6400/10718] PL: 2.5327 VL: 0.5261 Acc: 33.6%
  Epoch 8 [6500/10718] PL: 2.5330 VL: 0.5261 Acc: 33.6%
  Epoch 8 [6600/10718] PL: 2.5331 VL: 0.5261 Acc: 33.6%
  Epoch 8 [6700/10718] PL: 2.5333 VL: 0.5261 Acc: 33.6%
  Epoch 8 [6800/10718] PL: 2.5334 VL: 0.5261 Acc: 33.6%
  Epoch 8 [6900/10718] PL: 2.5336 VL: 0.5262 Acc: 33.6%
  Epoch 8 [7000/10718] PL: 2.5337 VL: 0.5262 Acc: 33.6%
  Epoch 8 [7100/10718] PL: 2.5338 VL: 0.5262 Acc: 33.6%
  Epoch 8 [7200/10718] PL: 2.5340 VL: 0.5261 Acc: 33.6%
  Epoch 8 [7300/10718] PL: 2.5340 VL: 0.5261 Acc: 33.6%
  Epoch 8 [7400/10718] PL: 2.5343 VL: 0.5261 Acc: 33.5%
  Epoch 8 [7500/10718] PL: 2.5343 VL: 0.5261 Acc: 33.5%
  Epoch 8 [7600/10718] PL: 2.5344 VL: 0.5260 Acc: 33.5%
  Epoch 8 [7700/10718] PL: 2.5347 VL: 0.5261 Acc: 33.5%
  Epoch 8 [7800/10718] PL: 2.5347 VL: 0.5261 Acc: 33.5%
  Epoch 8 [7900/10718] PL: 2.5349 VL: 0.5261 Acc: 33.5%
  Epoch 8 [8000/10718] PL: 2.5350 VL: 0.5261 Acc: 33.5%
  Epoch 8 [8100/10718] PL: 2.5352 VL: 0.5261 Acc: 33.5%
  Epoch 8 [8200/10718] PL: 2.5352 VL: 0.5261 Acc: 33.5%
  Epoch 8 [8300/10718] PL: 2.5354 VL: 0.5261 Acc: 33.5%
  Epoch 8 [8400/10718] PL: 2.5355 VL: 0.5261 Acc: 33.5%
  Epoch 8 [8500/10718] PL: 2.5356 VL: 0.5261 Acc: 33.5%
  Epoch 8 [8600/10718] PL: 2.5358 VL: 0.5261 Acc: 33.5%
  Epoch 8 [8700/10718] PL: 2.5359 VL: 0.5261 Acc: 33.5%
  Epoch 8 [8800/10718] PL: 2.5360 VL: 0.5261 Acc: 33.5%
  Epoch 8 [8900/10718] PL: 2.5361 VL: 0.5261 Acc: 33.5%
  Epoch 8 [9000/10718] PL: 2.5363 VL: 0.5261 Acc: 33.5%
  Epoch 8 [9100/10718] PL: 2.5364 VL: 0.5261 Acc: 33.5%
  Epoch 8 [9200/10718] PL: 2.5365 VL: 0.5261 Acc: 33.5%
  Epoch 8 [9300/10718] PL: 2.5366 VL: 0.5261 Acc: 33.5%
  Epoch 8 [9400/10718] PL: 2.5368 VL: 0.5261 Acc: 33.5%
  Epoch 8 [9500/10718] PL: 2.5370 VL: 0.5261 Acc: 33.5%
  Epoch 8 [9600/10718] PL: 2.5371 VL: 0.5261 Acc: 33.5%
  Epoch 8 [9700/10718] PL: 2.5371 VL: 0.5261 Acc: 33.5%
  Epoch 8 [9800/10718] PL: 2.5373 VL: 0.5261 Acc: 33.5%
  Epoch 8 [9900/10718] PL: 2.5374 VL: 0.5262 Acc: 33.5%
  Epoch 8 [10000/10718] PL: 2.5376 VL: 0.5262 Acc: 33.5%
  Epoch 8 [10100/10718] PL: 2.5376 VL: 0.5262 Acc: 33.5%
  Epoch 8 [10200/10718] PL: 2.5378 VL: 0.5262 Acc: 33.5%
  Epoch 8 [10300/10718] PL: 2.5379 VL: 0.5262 Acc: 33.5%
  Epoch 8 [10400/10718] PL: 2.5380 VL: 0.5262 Acc: 33.5%
  Epoch 8 [10500/10718] PL: 2.5380 VL: 0.5262 Acc: 33.5%
  Epoch 8 [10600/10718] PL: 2.5382 VL: 0.5262 Acc: 33.5%
  Epoch 8 [10700/10718] PL: 2.5382 VL: 0.5262 Acc: 33.5%

Epoch 8/10 (518s) | Train PL: 2.5382 VL: 0.5262 Acc: 33.5% | Val PL: 2.5763 VL: 0.5321 Acc: 33.1%
  Epoch 9 [0/10718] PL: 2.4589 VL: 0.5385 Acc: 35.2%
  Epoch 9 [100/10718] PL: 2.5698 VL: 0.5277 Acc: 33.0%
  Epoch 9 [200/10718] PL: 2.5803 VL: 0.5306 Acc: 32.7%
  Epoch 9 [300/10718] PL: 2.5866 VL: 0.5310 Acc: 32.5%
  Epoch 9 [400/10718] PL: 2.5917 VL: 0.5319 Acc: 32.5%
  Epoch 9 [500/10718] PL: 2.5951 VL: 0.5320 Acc: 32.4%
  Epoch 9 [600/10718] PL: 2.5991 VL: 0.5321 Acc: 32.3%
  Epoch 9 [700/10718] PL: 2.6017 VL: 0.5326 Acc: 32.3%
  Epoch 9 [800/10718] PL: 2.6035 VL: 0.5328 Acc: 32.2%
  Epoch 9 [900/10718] PL: 2.6052 VL: 0.5336 Acc: 32.2%
  Epoch 9 [1000/10718] PL: 2.6066 VL: 0.5337 Acc: 32.2%
  Epoch 9 [1100/10718] PL: 2.6072 VL: 0.5339 Acc: 32.2%
  Epoch 9 [1200/10718] PL: 2.6087 VL: 0.5337 Acc: 32.2%
  Epoch 9 [1300/10718] PL: 2.6109 VL: 0.5336 Acc: 32.1%
  Epoch 9 [1400/10718] PL: 2.6122 VL: 0.5338 Acc: 32.1%
  Epoch 9 [1500/10718] PL: 2.6136 VL: 0.5338 Acc: 32.1%
  Epoch 9 [1600/10718] PL: 2.6143 VL: 0.5338 Acc: 32.1%
  Epoch 9 [1700/10718] PL: 2.6152 VL: 0.5340 Acc: 32.1%
  Epoch 9 [1800/10718] PL: 2.6164 VL: 0.5339 Acc: 32.0%
  Epoch 9 [1900/10718] PL: 2.6174 VL: 0.5340 Acc: 32.0%
  Epoch 9 [2000/10718] PL: 2.6177 VL: 0.5339 Acc: 32.0%
  Epoch 9 [2100/10718] PL: 2.6184 VL: 0.5339 Acc: 32.0%
  Epoch 9 [2200/10718] PL: 2.6191 VL: 0.5341 Acc: 32.0%
  Epoch 9 [2300/10718] PL: 2.6193 VL: 0.5340 Acc: 32.0%
  Epoch 9 [2400/10718] PL: 2.6202 VL: 0.5341 Acc: 32.0%
  Epoch 9 [2500/10718] PL: 2.6206 VL: 0.5341 Acc: 32.0%
  Epoch 9 [2600/10718] PL: 2.6213 VL: 0.5342 Acc: 32.0%
  Epoch 9 [2700/10718] PL: 2.6219 VL: 0.5342 Acc: 32.0%
  Epoch 9 [2800/10718] PL: 2.6224 VL: 0.5342 Acc: 32.0%
  Epoch 9 [2900/10718] PL: 2.6229 VL: 0.5342 Acc: 31.9%
  Epoch 9 [3000/10718] PL: 2.6232 VL: 0.5343 Acc: 32.0%
  Epoch 9 [3100/10718] PL: 2.6238 VL: 0.5344 Acc: 31.9%
  Epoch 9 [3200/10718] PL: 2.6245 VL: 0.5344 Acc: 31.9%
  Epoch 9 [3300/10718] PL: 2.6250 VL: 0.5344 Acc: 31.9%
  Epoch 9 [3400/10718] PL: 2.6254 VL: 0.5344 Acc: 31.9%
  Epoch 9 [3500/10718] PL: 2.6257 VL: 0.5344 Acc: 31.9%
  Epoch 9 [3600/10718] PL: 2.6261 VL: 0.5345 Acc: 31.9%
  Epoch 9 [3700/10718] PL: 2.6264 VL: 0.5345 Acc: 31.9%
  Epoch 9 [3800/10718] PL: 2.6267 VL: 0.5346 Acc: 31.9%
  Epoch 9 [3900/10718] PL: 2.6269 VL: 0.5347 Acc: 31.9%
  Epoch 9 [4000/10718] PL: 2.6275 VL: 0.5348 Acc: 31.9%
  Epoch 9 [4100/10718] PL: 2.6279 VL: 0.5349 Acc: 31.9%
  Epoch 9 [4200/10718] PL: 2.6283 VL: 0.5348 Acc: 31.9%
  Epoch 9 [4300/10718] PL: 2.6287 VL: 0.5348 Acc: 31.9%
  Epoch 9 [4400/10718] PL: 2.6291 VL: 0.5349 Acc: 31.9%
  Epoch 9 [4500/10718] PL: 2.6294 VL: 0.5349 Acc: 31.9%
  Epoch 9 [4600/10718] PL: 2.6298 VL: 0.5350 Acc: 31.9%
  Epoch 9 [4700/10718] PL: 2.6303 VL: 0.5351 Acc: 31.9%
  Epoch 9 [4800/10718] PL: 2.6306 VL: 0.5351 Acc: 31.9%
  Epoch 9 [4900/10718] PL: 2.6310 VL: 0.5351 Acc: 31.9%
  Epoch 9 [5000/10718] PL: 2.6312 VL: 0.5351 Acc: 31.9%
  Epoch 9 [5100/10718] PL: 2.6314 VL: 0.5352 Acc: 31.8%
  Epoch 9 [5200/10718] PL: 2.6317 VL: 0.5352 Acc: 31.8%
  Epoch 9 [5300/10718] PL: 2.6317 VL: 0.5351 Acc: 31.8%
  Epoch 9 [5400/10718] PL: 2.6318 VL: 0.5351 Acc: 31.8%
  Epoch 9 [5500/10718] PL: 2.6319 VL: 0.5352 Acc: 31.8%
  Epoch 9 [5600/10718] PL: 2.6323 VL: 0.5352 Acc: 31.8%
  Epoch 9 [5700/10718] PL: 2.6324 VL: 0.5351 Acc: 31.8%
  Epoch 9 [5800/10718] PL: 2.6325 VL: 0.5352 Acc: 31.8%
  Epoch 9 [5900/10718] PL: 2.6327 VL: 0.5352 Acc: 31.8%
  Epoch 9 [6000/10718] PL: 2.6327 VL: 0.5353 Acc: 31.8%
  Epoch 9 [6100/10718] PL: 2.6329 VL: 0.5353 Acc: 31.8%
  Epoch 9 [6200/10718] PL: 2.6330 VL: 0.5353 Acc: 31.8%
  Epoch 9 [6300/10718] PL: 2.6330 VL: 0.5352 Acc: 31.8%
  Epoch 9 [6400/10718] PL: 2.6333 VL: 0.5352 Acc: 31.8%
  Epoch 9 [6500/10718] PL: 2.6336 VL: 0.5353 Acc: 31.8%
  Epoch 9 [6600/10718] PL: 2.6336 VL: 0.5353 Acc: 31.8%
  Epoch 9 [6700/10718] PL: 2.6337 VL: 0.5353 Acc: 31.8%
  Epoch 9 [6800/10718] PL: 2.6338 VL: 0.5353 Acc: 31.8%
  Epoch 9 [6900/10718] PL: 2.6340 VL: 0.5353 Acc: 31.8%
  Epoch 9 [7000/10718] PL: 2.6343 VL: 0.5354 Acc: 31.8%
  Epoch 9 [7100/10718] PL: 2.6345 VL: 0.5354 Acc: 31.8%
  Epoch 9 [7200/10718] PL: 2.6346 VL: 0.5354 Acc: 31.8%
  Epoch 9 [7300/10718] PL: 2.6347 VL: 0.5354 Acc: 31.8%
  Epoch 9 [7400/10718] PL: 2.6348 VL: 0.5354 Acc: 31.8%
  Epoch 9 [7500/10718] PL: 2.6349 VL: 0.5354 Acc: 31.8%
  Epoch 9 [7600/10718] PL: 2.6351 VL: 0.5354 Acc: 31.8%
  Epoch 9 [7700/10718] PL: 2.6350 VL: 0.5354 Acc: 31.8%
  Epoch 9 [7800/10718] PL: 2.6352 VL: 0.5353 Acc: 31.8%
  Epoch 9 [7900/10718] PL: 2.6354 VL: 0.5354 Acc: 31.8%
  Epoch 9 [8000/10718] PL: 2.6354 VL: 0.5354 Acc: 31.8%
  Epoch 9 [8100/10718] PL: 2.6355 VL: 0.5354 Acc: 31.8%
  Epoch 9 [8200/10718] PL: 2.6356 VL: 0.5354 Acc: 31.8%
  Epoch 9 [8300/10718] PL: 2.6357 VL: 0.5355 Acc: 31.8%
  Epoch 9 [8400/10718] PL: 2.6358 VL: 0.5355 Acc: 31.8%
  Epoch 9 [8500/10718] PL: 2.6358 VL: 0.5355 Acc: 31.8%
  Epoch 9 [8600/10718] PL: 2.6361 VL: 0.5355 Acc: 31.8%
  Epoch 9 [8700/10718] PL: 2.6361 VL: 0.5355 Acc: 31.8%
  Epoch 9 [8800/10718] PL: 2.6362 VL: 0.5355 Acc: 31.8%
  Epoch 9 [8900/10718] PL: 2.6363 VL: 0.5356 Acc: 31.8%
  Epoch 9 [9000/10718] PL: 2.6363 VL: 0.5356 Acc: 31.8%
  Epoch 9 [9100/10718] PL: 2.6365 VL: 0.5356 Acc: 31.8%
  Epoch 9 [9200/10718] PL: 2.6365 VL: 0.5356 Acc: 31.8%
  Epoch 9 [9300/10718] PL: 2.6365 VL: 0.5356 Acc: 31.8%
  Epoch 9 [9400/10718] PL: 2.6365 VL: 0.5356 Acc: 31.8%
  Epoch 9 [9500/10718] PL: 2.6365 VL: 0.5356 Acc: 31.8%
  Epoch 9 [9600/10718] PL: 2.6366 VL: 0.5357 Acc: 31.8%
  Epoch 9 [9700/10718] PL: 2.6366 VL: 0.5357 Acc: 31.8%
  Epoch 9 [9800/10718] PL: 2.6366 VL: 0.5357 Acc: 31.8%
  Epoch 9 [9900/10718] PL: 2.6366 VL: 0.5357 Acc: 31.8%
  Epoch 9 [10000/10718] PL: 2.6367 VL: 0.5357 Acc: 31.8%
  Epoch 9 [10100/10718] PL: 2.6366 VL: 0.5357 Acc: 31.8%
  Epoch 9 [10200/10718] PL: 2.6367 VL: 0.5358 Acc: 31.8%
  Epoch 9 [10300/10718] PL: 2.6368 VL: 0.5358 Acc: 31.8%
  Epoch 9 [10400/10718] PL: 2.6368 VL: 0.5358 Acc: 31.8%
  Epoch 9 [10500/10718] PL: 2.6367 VL: 0.5358 Acc: 31.8%
  Epoch 9 [10600/10718] PL: 2.6367 VL: 0.5357 Acc: 31.8%
  Epoch 9 [10700/10718] PL: 2.6367 VL: 0.5357 Acc: 31.8%

Epoch 9/10 (523s) | Train PL: 2.6367 VL: 0.5358 Acc: 31.8% | Val PL: 2.6516 VL: 0.5425 Acc: 31.7%
  Epoch 10 [0/10718] PL: 2.5744 VL: 0.5563 Acc: 34.1%
  Epoch 10 [100/10718] PL: 2.6465 VL: 0.5356 Acc: 31.6%
  Epoch 10 [200/10718] PL: 2.6495 VL: 0.5374 Acc: 31.6%
  Epoch 10 [300/10718] PL: 2.6549 VL: 0.5392 Acc: 31.5%
  Epoch 10 [400/10718] PL: 2.6590 VL: 0.5392 Acc: 31.4%
  Epoch 10 [500/10718] PL: 2.6609 VL: 0.5392 Acc: 31.3%
  Epoch 10 [600/10718] PL: 2.6645 VL: 0.5392 Acc: 31.3%
  Epoch 10 [700/10718] PL: 2.6665 VL: 0.5392 Acc: 31.3%
  Epoch 10 [800/10718] PL: 2.6669 VL: 0.5390 Acc: 31.3%
  Epoch 10 [900/10718] PL: 2.6684 VL: 0.5391 Acc: 31.3%
  Epoch 10 [1000/10718] PL: 2.6685 VL: 0.5392 Acc: 31.3%
  Epoch 10 [1100/10718] PL: 2.6697 VL: 0.5392 Acc: 31.2%
  Epoch 10 [1200/10718] PL: 2.6713 VL: 0.5393 Acc: 31.2%
  Epoch 10 [1300/10718] PL: 2.6719 VL: 0.5391 Acc: 31.2%
  Epoch 10 [1400/10718] PL: 2.6729 VL: 0.5390 Acc: 31.2%
  Epoch 10 [1500/10718] PL: 2.6735 VL: 0.5393 Acc: 31.2%
  Epoch 10 [1600/10718] PL: 2.6740 VL: 0.5395 Acc: 31.2%
  Epoch 10 [1700/10718] PL: 2.6747 VL: 0.5396 Acc: 31.2%
  Epoch 10 [1800/10718] PL: 2.6753 VL: 0.5395 Acc: 31.2%
  Epoch 10 [1900/10718] PL: 2.6754 VL: 0.5396 Acc: 31.2%
  Epoch 10 [2000/10718] PL: 2.6758 VL: 0.5396 Acc: 31.2%
  Epoch 10 [2100/10718] PL: 2.6765 VL: 0.5397 Acc: 31.2%
  Epoch 10 [2200/10718] PL: 2.6774 VL: 0.5396 Acc: 31.2%
  Epoch 10 [2300/10718] PL: 2.6779 VL: 0.5395 Acc: 31.2%
  Epoch 10 [2400/10718] PL: 2.6782 VL: 0.5394 Acc: 31.2%
  Epoch 10 [2500/10718] PL: 2.6784 VL: 0.5395 Acc: 31.2%
  Epoch 10 [2600/10718] PL: 2.6792 VL: 0.5395 Acc: 31.1%
  Epoch 10 [2700/10718] PL: 2.6793 VL: 0.5396 Acc: 31.1%
  Epoch 10 [2800/10718] PL: 2.6795 VL: 0.5398 Acc: 31.1%
  Epoch 10 [2900/10718] PL: 2.6800 VL: 0.5399 Acc: 31.1%
  Epoch 10 [3000/10718] PL: 2.6804 VL: 0.5400 Acc: 31.1%
  Epoch 10 [3100/10718] PL: 2.6807 VL: 0.5400 Acc: 31.1%
  Epoch 10 [3200/10718] PL: 2.6808 VL: 0.5401 Acc: 31.1%
  Epoch 10 [3300/10718] PL: 2.6811 VL: 0.5401 Acc: 31.1%
  Epoch 10 [3400/10718] PL: 2.6815 VL: 0.5401 Acc: 31.1%
  Epoch 10 [3500/10718] PL: 2.6815 VL: 0.5402 Acc: 31.1%
  Epoch 10 [3600/10718] PL: 2.6817 VL: 0.5402 Acc: 31.1%
  Epoch 10 [3700/10718] PL: 2.6823 VL: 0.5403 Acc: 31.1%
  Epoch 10 [3800/10718] PL: 2.6826 VL: 0.5404 Acc: 31.1%
  Epoch 10 [3900/10718] PL: 2.6830 VL: 0.5404 Acc: 31.1%
  Epoch 10 [4000/10718] PL: 2.6833 VL: 0.5403 Acc: 31.1%
  Epoch 10 [4100/10718] PL: 2.6834 VL: 0.5403 Acc: 31.1%
  Epoch 10 [4200/10718] PL: 2.6835 VL: 0.5403 Acc: 31.1%
  Epoch 10 [4300/10718] PL: 2.6837 VL: 0.5403 Acc: 31.1%
  Epoch 10 [4400/10718] PL: 2.6841 VL: 0.5403 Acc: 31.1%
  Epoch 10 [4500/10718] PL: 2.6841 VL: 0.5404 Acc: 31.1%
  Epoch 10 [4600/10718] PL: 2.6843 VL: 0.5404 Acc: 31.1%
  Epoch 10 [4700/10718] PL: 2.6845 VL: 0.5404 Acc: 31.1%
  Epoch 10 [4800/10718] PL: 2.6846 VL: 0.5405 Acc: 31.1%
  Epoch 10 [4900/10718] PL: 2.6846 VL: 0.5405 Acc: 31.1%
  Epoch 10 [5000/10718] PL: 2.6847 VL: 0.5406 Acc: 31.1%
  Epoch 10 [5100/10718] PL: 2.6847 VL: 0.5406 Acc: 31.1%
  Epoch 10 [5200/10718] PL: 2.6848 VL: 0.5406 Acc: 31.1%
  Epoch 10 [5300/10718] PL: 2.6849 VL: 0.5407 Acc: 31.1%
  Epoch 10 [5400/10718] PL: 2.6848 VL: 0.5406 Acc: 31.1%
  Epoch 10 [5500/10718] PL: 2.6851 VL: 0.5407 Acc: 31.1%
  Epoch 10 [5600/10718] PL: 2.6850 VL: 0.5407 Acc: 31.1%
  Epoch 10 [5700/10718] PL: 2.6850 VL: 0.5407 Acc: 31.1%
  Epoch 10 [5800/10718] PL: 2.6852 VL: 0.5407 Acc: 31.1%
  Epoch 10 [5900/10718] PL: 2.6853 VL: 0.5407 Acc: 31.1%
  Epoch 10 [6000/10718] PL: 2.6855 VL: 0.5407 Acc: 31.1%
  Epoch 10 [6100/10718] PL: 2.6854 VL: 0.5408 Acc: 31.1%
  Epoch 10 [6200/10718] PL: 2.6856 VL: 0.5408 Acc: 31.1%
  Epoch 10 [6300/10718] PL: 2.6856 VL: 0.5408 Acc: 31.1%
  Epoch 10 [6400/10718] PL: 2.6856 VL: 0.5408 Acc: 31.1%
  Epoch 10 [6500/10718] PL: 2.6856 VL: 0.5408 Acc: 31.1%
  Epoch 10 [6600/10718] PL: 2.6855 VL: 0.5408 Acc: 31.1%
  Epoch 10 [6700/10718] PL: 2.6855 VL: 0.5409 Acc: 31.1%
  Epoch 10 [6800/10718] PL: 2.6856 VL: 0.5408 Acc: 31.1%
  Epoch 10 [6900/10718] PL: 2.6856 VL: 0.5408 Acc: 31.1%
  Epoch 10 [7000/10718] PL: 2.6858 VL: 0.5408 Acc: 31.1%
  Epoch 10 [7100/10718] PL: 2.6858 VL: 0.5408 Acc: 31.1%
  Epoch 10 [7200/10718] PL: 2.6856 VL: 0.5408 Acc: 31.1%
  Epoch 10 [7300/10718] PL: 2.6857 VL: 0.5408 Acc: 31.1%
  Epoch 10 [7400/10718] PL: 2.6857 VL: 0.5408 Acc: 31.1%
  Epoch 10 [7500/10718] PL: 2.6857 VL: 0.5408 Acc: 31.1%
  Epoch 10 [7600/10718] PL: 2.6857 VL: 0.5407 Acc: 31.1%
  Epoch 10 [7700/10718] PL: 2.6859 VL: 0.5407 Acc: 31.1%
  Epoch 10 [7800/10718] PL: 2.6859 VL: 0.5407 Acc: 31.1%
  Epoch 10 [7900/10718] PL: 2.6858 VL: 0.5407 Acc: 31.1%
  Epoch 10 [8000/10718] PL: 2.6858 VL: 0.5407 Acc: 31.1%
  Epoch 10 [8100/10718] PL: 2.6859 VL: 0.5408 Acc: 31.1%
  Epoch 10 [8200/10718] PL: 2.6859 VL: 0.5408 Acc: 31.1%
  Epoch 10 [8300/10718] PL: 2.6859 VL: 0.5408 Acc: 31.1%
  Epoch 10 [8400/10718] PL: 2.6858 VL: 0.5408 Acc: 31.1%
  Epoch 10 [8500/10718] PL: 2.6858 VL: 0.5407 Acc: 31.1%
  Epoch 10 [8600/10718] PL: 2.6858 VL: 0.5408 Acc: 31.1%
  Epoch 10 [8700/10718] PL: 2.6858 VL: 0.5407 Acc: 31.1%
  Epoch 10 [8800/10718] PL: 2.6858 VL: 0.5407 Acc: 31.1%
  Epoch 10 [8900/10718] PL: 2.6858 VL: 0.5408 Acc: 31.1%
  Epoch 10 [9000/10718] PL: 2.6857 VL: 0.5407 Acc: 31.1%
  Epoch 10 [9100/10718] PL: 2.6856 VL: 0.5407 Acc: 31.1%
  Epoch 10 [9200/10718] PL: 2.6856 VL: 0.5407 Acc: 31.1%
  Epoch 10 [9300/10718] PL: 2.6856 VL: 0.5408 Acc: 31.1%
  Epoch 10 [9400/10718] PL: 2.6856 VL: 0.5407 Acc: 31.1%
  Epoch 10 [9500/10718] PL: 2.6856 VL: 0.5408 Acc: 31.1%
  Epoch 10 [9600/10718] PL: 2.6856 VL: 0.5408 Acc: 31.1%
  Epoch 10 [9700/10718] PL: 2.6856 VL: 0.5408 Acc: 31.1%
  Epoch 10 [9800/10718] PL: 2.6856 VL: 0.5408 Acc: 31.1%
  Epoch 10 [9900/10718] PL: 2.6855 VL: 0.5408 Acc: 31.1%
  Epoch 10 [10000/10718] PL: 2.6855 VL: 0.5408 Acc: 31.1%
  Epoch 10 [10100/10718] PL: 2.6854 VL: 0.5408 Acc: 31.1%
  Epoch 10 [10200/10718] PL: 2.6853 VL: 0.5408 Acc: 31.1%
  Epoch 10 [10300/10718] PL: 2.6853 VL: 0.5408 Acc: 31.1%
  Epoch 10 [10400/10718] PL: 2.6851 VL: 0.5408 Acc: 31.1%
  Epoch 10 [10500/10718] PL: 2.6850 VL: 0.5408 Acc: 31.1%
  Epoch 10 [10600/10718] PL: 2.6850 VL: 0.5408 Acc: 31.1%
  Epoch 10 [10700/10718] PL: 2.6849 VL: 0.5408 Acc: 31.1%

Epoch 10/10 (526s) | Train PL: 2.6849 VL: 0.5408 Acc: 31.1% | Val PL: 2.6926 VL: 0.5470 Acc: 30.8%

Pre-training complete! 43.5 min
Best val policy loss: 2.4873
Saved to: /home/start-up/AI-ZeroToOne/Season-5/ChessRL/training/candidate4/az_pretrained.pt
